#! /c/Source/iverilog-install/bin/vvp
:ivl_version "12.0 (devel)" "(s20150603-1539-g2693dd32b)";
:ivl_delay_selection "TYPICAL";
:vpi_time_precision - 10;
:vpi_module "C:\iverilog\lib\ivl\system.vpi";
:vpi_module "C:\iverilog\lib\ivl\vhdl_sys.vpi";
:vpi_module "C:\iverilog\lib\ivl\vhdl_textio.vpi";
:vpi_module "C:\iverilog\lib\ivl\v2005_math.vpi";
:vpi_module "C:\iverilog\lib\ivl\va_math.vpi";
S_0000017061368160 .scope module, "FullAdder" "FullAdder" 2 8;
 .timescale -9 -10;
    .port_info 0 /OUTPUT 1 "carry";
    .port_info 1 /OUTPUT 1 "sum";
    .port_info 2 /INPUT 1 "a";
    .port_info 3 /INPUT 1 "b";
    .port_info 4 /INPUT 1 "c";
L_00000170613b32f0 .functor AND 1, L_00000170613686d0, L_00000170613b3280, C4<1>, C4<1>;
o00000170613b6fd8 .functor BUFZ 1, C4<z>; HiZ drive
v00000170613b30a0_0 .net "a", 0 0, o00000170613b6fd8;  0 drivers
o00000170613b7008 .functor BUFZ 1, C4<z>; HiZ drive
v00000170613b3140_0 .net "b", 0 0, o00000170613b7008;  0 drivers
o00000170613b7158 .functor BUFZ 1, C4<z>; HiZ drive
v00000170613b31e0_0 .net "c", 0 0, o00000170613b7158;  0 drivers
v00000170614000f0_0 .net "carry", 0 0, L_00000170613b32f0;  1 drivers
v0000017061400050_0 .net "carry1_temp", 0 0, L_00000170613686d0;  1 drivers
v0000017061400190_0 .net "carry2_temp", 0 0, L_00000170613b3280;  1 drivers
v0000017061400230_0 .net "sum", 0 0, L_00000170613688f0;  1 drivers
v0000017061400b90_0 .net "sum_temp", 0 0, L_0000017061368b10;  1 drivers
S_00000170613682f0 .scope module, "h1" "HalfAdder" 2 9, 2 3 0, S_0000017061368160;
 .timescale -9 -10;
    .port_info 0 /OUTPUT 1 "carry";
    .port_info 1 /OUTPUT 1 "sum";
    .port_info 2 /INPUT 1 "a";
    .port_info 3 /INPUT 1 "b";
L_0000017061368b10/d .functor XOR 1, o00000170613b6fd8, o00000170613b7008, C4<0>, C4<0>;
L_0000017061368b10 .delay 1 (10,10,10) L_0000017061368b10/d;
L_00000170613686d0/d .functor AND 1, o00000170613b6fd8, o00000170613b7008, C4<1>, C4<1>;
L_00000170613686d0 .delay 1 (10,10,10) L_00000170613686d0/d;
v000001706136ca80_0 .net "a", 0 0, o00000170613b6fd8;  alias, 0 drivers
v000001706136db40_0 .net "b", 0 0, o00000170613b7008;  alias, 0 drivers
v000001706136dbe0_0 .net "carry", 0 0, L_00000170613686d0;  alias, 1 drivers
v000001706136dc80_0 .net "sum", 0 0, L_0000017061368b10;  alias, 1 drivers
S_00000170613b2480 .scope module, "h2" "HalfAdder" 2 10, 2 3 0, S_0000017061368160;
 .timescale -9 -10;
    .port_info 0 /OUTPUT 1 "carry";
    .port_info 1 /OUTPUT 1 "sum";
    .port_info 2 /INPUT 1 "a";
    .port_info 3 /INPUT 1 "b";
L_00000170613688f0/d .functor XOR 1, L_0000017061368b10, o00000170613b7158, C4<0>, C4<0>;
L_00000170613688f0 .delay 1 (10,10,10) L_00000170613688f0/d;
L_00000170613b3280/d .functor AND 1, L_0000017061368b10, o00000170613b7158, C4<1>, C4<1>;
L_00000170613b3280 .delay 1 (10,10,10) L_00000170613b3280/d;
v00000170613b2610_0 .net "a", 0 0, L_0000017061368b10;  alias, 1 drivers
v00000170613b26b0_0 .net "b", 0 0, o00000170613b7158;  alias, 0 drivers
v00000170613b2750_0 .net "carry", 0 0, L_00000170613b3280;  alias, 1 drivers
v00000170613b27f0_0 .net "sum", 0 0, L_00000170613688f0;  alias, 1 drivers
# The file index is used to find the file name in the following table.
:file_names 3;
    "N/A";
    "<interactive>";
    "AdderModules.v";
